2021-08-26T17:05:57.660+0200 [main] INFO  it.cnr.isti.labsedc.concern.broker.ActiveMQBrokerManager - Start SSL Broker
2021-08-26T17:05:57.672+0200 [main] DEBUG it.cnr.isti.labsedc.concern.broker.ActiveMQBrokerManager - Creating TrasportConnector
2021-08-26T17:05:57.923+0200 [main] DEBUG it.cnr.isti.labsedc.concern.broker.ActiveMQBrokerManager - Waiting for broker start
2021-08-26T17:05:57.924+0200 [main] DEBUG it.cnr.isti.labsedc.concern.broker.ActiveMQBrokerManager - broker started
2021-08-26T17:05:57.925+0200 [main] DEBUG it.cnr.isti.labsedc.concern.broker.ActiveMQBrokerManager - Enabling SSL ConnectionFactory
2021-08-26T17:05:57.956+0200 [main] DEBUG it.cnr.isti.labsedc.concern.broker.ActiveMQBrokerManager - Connection sucessfully created
2021-08-26T17:05:57.957+0200 [main] DEBUG it.cnr.isti.labsedc.concern.broker.ActiveMQBrokerManager - Component ActiveMQBrokerManager loaded in registry.
2021-08-26T17:05:57.959+0200 [main] INFO  it.cnr.isti.labsedc.concern.storage.MySQLStorageController - Setting up storage with default parameters
2021-08-26T17:05:58.206+0200 [main] INFO  it.cnr.isti.labsedc.concern.storage.MySQLStorageController - Connected successfully to concern on localhost
2021-08-26T17:05:58.336+0200 [main] INFO  it.cnr.isti.labsedc.concern.cep.DroolsComplexEventProcessorManager - CEP creation 
2021-08-26T17:05:58.353+0200 [Thread-4] INFO  it.cnr.isti.labsedc.concern.cep.DroolsComplexEventProcessorManager - ...CEP named InstanceOne creates a listening channel called: DROOLS-InstanceOne
2021-08-26T17:05:58.539+0200 [Thread-4] INFO  it.cnr.isti.labsedc.concern.cep.DroolsComplexEventProcessorManager - ...CEP named InstanceOne created Session and fires rules /home/acalabro/workspace/Concern/src/main/resources/startupRule.drl with knowledgePackages: [[Package name=it.cnr.isti.labsedc.concern.event]]
2021-08-26T17:15:52.022+0200 [ActiveMQ Session Task-1] INFO  it.cnr.isti.labsedc.concern.cep.DroolsComplexEventProcessorManager - ...CEP named InstanceOne insert event Wi-Fi-trace in the stream, sent from Wi-Fi-Probe
2021-08-26T17:16:06.510+0200 [ActiveMQ Session Task-1] INFO  it.cnr.isti.labsedc.concern.cep.DroolsComplexEventProcessorManager - ...CEP named InstanceOne insert event Wi-Fi-trace in the stream, sent from Wi-Fi-Probe
2021-08-26T17:16:14.993+0200 [ActiveMQ Session Task-1] INFO  it.cnr.isti.labsedc.concern.cep.DroolsComplexEventProcessorManager - ...CEP named InstanceOne insert event Wi-Fi-trace in the stream, sent from Wi-Fi-Probe
2021-08-26T17:16:25.665+0200 [ActiveMQ Session Task-1] INFO  it.cnr.isti.labsedc.concern.cep.DroolsComplexEventProcessorManager - ...CEP named InstanceOne insert event Wi-Fi-trace in the stream, sent from Wi-Fi-Probe
2021-08-26T17:16:58.140+0200 [ActiveMQ Session Task-2] INFO  it.cnr.isti.labsedc.concern.cep.DroolsComplexEventProcessorManager - ...CEP named InstanceOne insert event Wi-Fi-trace in the stream, sent from Wi-Fi-Probe
2021-08-26T17:17:17.509+0200 [ActiveMQ Session Task-2] INFO  it.cnr.isti.labsedc.concern.cep.DroolsComplexEventProcessorManager - ...CEP named InstanceOne insert event Wi-Fi-trace in the stream, sent from Wi-Fi-Probe
2021-08-26T17:17:19.096+0200 [ActiveMQ Session Task-2] INFO  it.cnr.isti.labsedc.concern.cep.DroolsComplexEventProcessorManager - ...CEP named InstanceOne insert event Wi-Fi-trace in the stream, sent from Wi-Fi-Probe
2021-08-26T17:17:20.273+0200 [ActiveMQ Session Task-2] INFO  it.cnr.isti.labsedc.concern.cep.DroolsComplexEventProcessorManager - ...CEP named InstanceOne insert event Wi-Fi-trace in the stream, sent from Wi-Fi-Probe
2021-08-26T17:17:21.404+0200 [ActiveMQ Session Task-2] INFO  it.cnr.isti.labsedc.concern.cep.DroolsComplexEventProcessorManager - ...CEP named InstanceOne insert event Wi-Fi-trace in the stream, sent from Wi-Fi-Probe
2021-08-26T17:17:22.603+0200 [ActiveMQ Session Task-2] INFO  it.cnr.isti.labsedc.concern.cep.DroolsComplexEventProcessorManager - ...CEP named InstanceOne insert event Wi-Fi-trace in the stream, sent from Wi-Fi-Probe
2021-08-26T17:17:23.755+0200 [ActiveMQ Session Task-2] INFO  it.cnr.isti.labsedc.concern.cep.DroolsComplexEventProcessorManager - ...CEP named InstanceOne insert event Wi-Fi-trace in the stream, sent from Wi-Fi-Probe
2021-08-26T17:31:40.282+0200 [main] INFO  it.cnr.isti.labsedc.concern.broker.ActiveMQBrokerManager - Start SSL Broker
2021-08-26T17:31:40.292+0200 [main] DEBUG it.cnr.isti.labsedc.concern.broker.ActiveMQBrokerManager - Creating TrasportConnector
2021-08-26T17:31:40.484+0200 [main] DEBUG it.cnr.isti.labsedc.concern.broker.ActiveMQBrokerManager - Waiting for broker start
2021-08-26T17:31:40.484+0200 [main] DEBUG it.cnr.isti.labsedc.concern.broker.ActiveMQBrokerManager - broker started
2021-08-26T17:31:40.484+0200 [main] DEBUG it.cnr.isti.labsedc.concern.broker.ActiveMQBrokerManager - Enabling SSL ConnectionFactory
2021-08-26T17:31:40.505+0200 [main] DEBUG it.cnr.isti.labsedc.concern.broker.ActiveMQBrokerManager - Connection sucessfully created
2021-08-26T17:31:40.505+0200 [main] DEBUG it.cnr.isti.labsedc.concern.broker.ActiveMQBrokerManager - Component ActiveMQBrokerManager loaded in registry.
2021-08-26T17:31:40.506+0200 [main] INFO  it.cnr.isti.labsedc.concern.storage.MySQLStorageController - Setting up storage with default parameters
2021-08-26T17:31:40.734+0200 [main] INFO  it.cnr.isti.labsedc.concern.storage.MySQLStorageController - Connected successfully to concern on localhost
2021-08-26T17:31:40.857+0200 [main] INFO  it.cnr.isti.labsedc.concern.cep.DroolsComplexEventProcessorManager - CEP creation 
2021-08-26T17:31:40.873+0200 [Thread-4] INFO  it.cnr.isti.labsedc.concern.cep.DroolsComplexEventProcessorManager - ...CEP named InstanceOne creates a listening channel called: DROOLS-InstanceOne
2021-08-26T17:31:41.045+0200 [Thread-4] INFO  it.cnr.isti.labsedc.concern.cep.DroolsComplexEventProcessorManager - ...CEP named InstanceOne created Session and fires rules /home/acalabro/workspace/Concern/src/main/resources/startupRule.drl with knowledgePackages: [[Package name=it.cnr.isti.labsedc.concern.event]]
2021-08-26T17:36:34.065+0200 [main] INFO  it.cnr.isti.labsedc.concern.broker.ActiveMQBrokerManager - Start SSL Broker
2021-08-26T17:36:34.075+0200 [main] DEBUG it.cnr.isti.labsedc.concern.broker.ActiveMQBrokerManager - Creating TrasportConnector
2021-08-26T17:36:34.256+0200 [main] DEBUG it.cnr.isti.labsedc.concern.broker.ActiveMQBrokerManager - Waiting for broker start
2021-08-26T17:36:34.257+0200 [main] DEBUG it.cnr.isti.labsedc.concern.broker.ActiveMQBrokerManager - broker started
2021-08-26T17:36:34.257+0200 [main] DEBUG it.cnr.isti.labsedc.concern.broker.ActiveMQBrokerManager - Enabling SSL ConnectionFactory
2021-08-26T17:36:34.278+0200 [main] DEBUG it.cnr.isti.labsedc.concern.broker.ActiveMQBrokerManager - Connection sucessfully created
2021-08-26T17:36:34.278+0200 [main] DEBUG it.cnr.isti.labsedc.concern.broker.ActiveMQBrokerManager - Component ActiveMQBrokerManager loaded in registry.
2021-08-26T17:36:34.279+0200 [main] INFO  it.cnr.isti.labsedc.concern.storage.MySQLStorageController - Setting up storage with default parameters
2021-08-26T17:36:34.525+0200 [main] INFO  it.cnr.isti.labsedc.concern.storage.MySQLStorageController - Connected successfully to concern on localhost
2021-08-26T17:36:34.646+0200 [main] INFO  it.cnr.isti.labsedc.concern.cep.DroolsComplexEventProcessorManager - CEP creation 
2021-08-26T17:36:34.662+0200 [Thread-4] INFO  it.cnr.isti.labsedc.concern.cep.DroolsComplexEventProcessorManager - ...CEP named InstanceOne creates a listening channel called: DROOLS-InstanceOne
2021-08-26T17:36:34.837+0200 [Thread-4] INFO  it.cnr.isti.labsedc.concern.cep.DroolsComplexEventProcessorManager - ...CEP named InstanceOne created Session and fires rules /home/acalabro/workspace/Concern/src/main/resources/startupRule.drl with knowledgePackages: [[Package name=it.cnr.isti.labsedc.concern.event]]
2021-08-26T17:38:09.641+0200 [ActiveMQ Session Task-1] INFO  it.cnr.isti.labsedc.concern.cep.DroolsComplexEventProcessorManager - ...CEP named InstanceOne insert event Wi-Fi-trace in the stream, sent from Wi-Fi-Probe
2021-08-26T17:38:17.946+0200 [ActiveMQ Session Task-1] INFO  it.cnr.isti.labsedc.concern.cep.DroolsComplexEventProcessorManager - ...CEP named InstanceOne insert event Wi-Fi-trace in the stream, sent from Wi-Fi-Probe
2021-08-26T17:38:17.951+0200 [ActiveMQ Session Task-1] INFO  it.cnr.isti.labsedc.concern.cep.DroolsComplexEventProcessorManager - ...CEP named InstanceOne insert event Wi-Fi-trace in the stream, sent from Wi-Fi-Probe
2021-08-26T17:38:17.953+0200 [ActiveMQ Session Task-1] INFO  it.cnr.isti.labsedc.concern.cep.DroolsComplexEventProcessorManager - ...CEP named InstanceOne insert event Wi-Fi-trace in the stream, sent from Wi-Fi-Probe
2021-08-26T17:38:17.955+0200 [ActiveMQ Session Task-1] INFO  it.cnr.isti.labsedc.concern.cep.DroolsComplexEventProcessorManager - ...CEP named InstanceOne insert event Wi-Fi-trace in the stream, sent from Wi-Fi-Probe
2021-08-26T17:38:17.957+0200 [ActiveMQ Session Task-1] INFO  it.cnr.isti.labsedc.concern.cep.DroolsComplexEventProcessorManager - ...CEP named InstanceOne insert event Wi-Fi-trace in the stream, sent from Wi-Fi-Probe
2021-08-26T17:38:17.959+0200 [ActiveMQ Session Task-1] INFO  it.cnr.isti.labsedc.concern.cep.DroolsComplexEventProcessorManager - ...CEP named InstanceOne insert event Wi-Fi-trace in the stream, sent from Wi-Fi-Probe
2021-08-26T17:38:17.961+0200 [ActiveMQ Session Task-1] INFO  it.cnr.isti.labsedc.concern.cep.DroolsComplexEventProcessorManager - ...CEP named InstanceOne insert event Wi-Fi-trace in the stream, sent from Wi-Fi-Probe
2021-08-26T17:38:17.963+0200 [ActiveMQ Session Task-1] INFO  it.cnr.isti.labsedc.concern.cep.DroolsComplexEventProcessorManager - ...CEP named InstanceOne insert event Wi-Fi-trace in the stream, sent from Wi-Fi-Probe
2021-08-26T17:38:17.964+0200 [ActiveMQ Session Task-1] INFO  it.cnr.isti.labsedc.concern.cep.DroolsComplexEventProcessorManager - ...CEP named InstanceOne insert event Wi-Fi-trace in the stream, sent from Wi-Fi-Probe
2021-08-26T17:38:17.965+0200 [ActiveMQ Session Task-1] INFO  it.cnr.isti.labsedc.concern.cep.DroolsComplexEventProcessorManager - ...CEP named InstanceOne insert event Wi-Fi-trace in the stream, sent from Wi-Fi-Probe
2021-08-26T17:38:17.966+0200 [ActiveMQ Session Task-1] INFO  it.cnr.isti.labsedc.concern.cep.DroolsComplexEventProcessorManager - ...CEP named InstanceOne insert event Wi-Fi-trace in the stream, sent from Wi-Fi-Probe
2021-08-26T17:38:17.968+0200 [ActiveMQ Session Task-1] INFO  it.cnr.isti.labsedc.concern.cep.DroolsComplexEventProcessorManager - ...CEP named InstanceOne insert event Wi-Fi-trace in the stream, sent from Wi-Fi-Probe
2021-08-26T17:38:17.969+0200 [ActiveMQ Session Task-1] INFO  it.cnr.isti.labsedc.concern.cep.DroolsComplexEventProcessorManager - ...CEP named InstanceOne insert event Wi-Fi-trace in the stream, sent from Wi-Fi-Probe
2021-08-26T17:38:17.970+0200 [ActiveMQ Session Task-1] INFO  it.cnr.isti.labsedc.concern.cep.DroolsComplexEventProcessorManager - ...CEP named InstanceOne insert event Wi-Fi-trace in the stream, sent from Wi-Fi-Probe
2021-08-26T17:38:17.971+0200 [ActiveMQ Session Task-1] INFO  it.cnr.isti.labsedc.concern.cep.DroolsComplexEventProcessorManager - ...CEP named InstanceOne insert event Wi-Fi-trace in the stream, sent from Wi-Fi-Probe
2021-08-26T17:38:17.973+0200 [ActiveMQ Session Task-1] INFO  it.cnr.isti.labsedc.concern.cep.DroolsComplexEventProcessorManager - ...CEP named InstanceOne insert event Wi-Fi-trace in the stream, sent from Wi-Fi-Probe
2021-08-26T17:38:17.974+0200 [ActiveMQ Session Task-1] INFO  it.cnr.isti.labsedc.concern.cep.DroolsComplexEventProcessorManager - ...CEP named InstanceOne insert event Wi-Fi-trace in the stream, sent from Wi-Fi-Probe
2021-08-26T17:38:17.975+0200 [ActiveMQ Session Task-1] INFO  it.cnr.isti.labsedc.concern.cep.DroolsComplexEventProcessorManager - ...CEP named InstanceOne insert event Wi-Fi-trace in the stream, sent from Wi-Fi-Probe
2021-08-26T17:38:17.975+0200 [ActiveMQ Session Task-1] INFO  it.cnr.isti.labsedc.concern.cep.DroolsComplexEventProcessorManager - ...CEP named InstanceOne insert event Wi-Fi-trace in the stream, sent from Wi-Fi-Probe
2021-08-26T17:38:31.119+0200 [ActiveMQ Session Task-2] INFO  it.cnr.isti.labsedc.concern.cep.DroolsComplexEventProcessorManager - ...CEP named InstanceOne insert event Wi-Fi-trace in the stream, sent from Wi-Fi-Probe
2021-08-26T17:38:31.122+0200 [ActiveMQ Session Task-2] INFO  it.cnr.isti.labsedc.concern.cep.DroolsComplexEventProcessorManager - ...CEP named InstanceOne insert event Wi-Fi-trace in the stream, sent from Wi-Fi-Probe
2021-08-26T17:38:31.125+0200 [ActiveMQ Session Task-2] INFO  it.cnr.isti.labsedc.concern.cep.DroolsComplexEventProcessorManager - ...CEP named InstanceOne insert event Wi-Fi-trace in the stream, sent from Wi-Fi-Probe
2021-08-26T17:38:31.128+0200 [ActiveMQ Session Task-2] INFO  it.cnr.isti.labsedc.concern.cep.DroolsComplexEventProcessorManager - ...CEP named InstanceOne insert event Wi-Fi-trace in the stream, sent from Wi-Fi-Probe
2021-08-26T17:38:31.130+0200 [ActiveMQ Session Task-2] INFO  it.cnr.isti.labsedc.concern.cep.DroolsComplexEventProcessorManager - ...CEP named InstanceOne insert event Wi-Fi-trace in the stream, sent from Wi-Fi-Probe
2021-08-26T17:38:31.133+0200 [ActiveMQ Session Task-2] INFO  it.cnr.isti.labsedc.concern.cep.DroolsComplexEventProcessorManager - ...CEP named InstanceOne insert event Wi-Fi-trace in the stream, sent from Wi-Fi-Probe
2021-08-26T17:38:31.137+0200 [ActiveMQ Session Task-2] INFO  it.cnr.isti.labsedc.concern.cep.DroolsComplexEventProcessorManager - ...CEP named InstanceOne insert event Wi-Fi-trace in the stream, sent from Wi-Fi-Probe
2021-08-26T17:38:31.141+0200 [ActiveMQ Session Task-2] INFO  it.cnr.isti.labsedc.concern.cep.DroolsComplexEventProcessorManager - ...CEP named InstanceOne insert event Wi-Fi-trace in the stream, sent from Wi-Fi-Probe
2021-08-26T17:38:31.144+0200 [ActiveMQ Session Task-2] INFO  it.cnr.isti.labsedc.concern.cep.DroolsComplexEventProcessorManager - ...CEP named InstanceOne insert event Wi-Fi-trace in the stream, sent from Wi-Fi-Probe
2021-08-26T17:38:31.148+0200 [ActiveMQ Session Task-2] INFO  it.cnr.isti.labsedc.concern.cep.DroolsComplexEventProcessorManager - ...CEP named InstanceOne insert event Wi-Fi-trace in the stream, sent from Wi-Fi-Probe
2021-08-26T17:38:31.151+0200 [ActiveMQ Session Task-2] INFO  it.cnr.isti.labsedc.concern.cep.DroolsComplexEventProcessorManager - ...CEP named InstanceOne insert event Wi-Fi-trace in the stream, sent from Wi-Fi-Probe
2021-08-26T17:38:31.153+0200 [ActiveMQ Session Task-2] INFO  it.cnr.isti.labsedc.concern.cep.DroolsComplexEventProcessorManager - ...CEP named InstanceOne insert event Wi-Fi-trace in the stream, sent from Wi-Fi-Probe
2021-08-26T17:38:31.155+0200 [ActiveMQ Session Task-2] INFO  it.cnr.isti.labsedc.concern.cep.DroolsComplexEventProcessorManager - ...CEP named InstanceOne insert event Wi-Fi-trace in the stream, sent from Wi-Fi-Probe
2021-08-26T17:38:31.157+0200 [ActiveMQ Session Task-2] INFO  it.cnr.isti.labsedc.concern.cep.DroolsComplexEventProcessorManager - ...CEP named InstanceOne insert event Wi-Fi-trace in the stream, sent from Wi-Fi-Probe
2021-08-26T17:38:31.158+0200 [ActiveMQ Session Task-2] INFO  it.cnr.isti.labsedc.concern.cep.DroolsComplexEventProcessorManager - ...CEP named InstanceOne insert event Wi-Fi-trace in the stream, sent from Wi-Fi-Probe
2021-08-26T17:38:31.160+0200 [ActiveMQ Session Task-2] INFO  it.cnr.isti.labsedc.concern.cep.DroolsComplexEventProcessorManager - ...CEP named InstanceOne insert event Wi-Fi-trace in the stream, sent from Wi-Fi-Probe
2021-08-26T17:38:31.161+0200 [ActiveMQ Session Task-2] INFO  it.cnr.isti.labsedc.concern.cep.DroolsComplexEventProcessorManager - ...CEP named InstanceOne insert event Wi-Fi-trace in the stream, sent from Wi-Fi-Probe
2021-08-26T17:38:31.162+0200 [ActiveMQ Session Task-2] INFO  it.cnr.isti.labsedc.concern.cep.DroolsComplexEventProcessorManager - ...CEP named InstanceOne insert event Wi-Fi-trace in the stream, sent from Wi-Fi-Probe
2021-08-26T17:38:31.163+0200 [ActiveMQ Session Task-2] INFO  it.cnr.isti.labsedc.concern.cep.DroolsComplexEventProcessorManager - ...CEP named InstanceOne insert event Wi-Fi-trace in the stream, sent from Wi-Fi-Probe
2021-08-26T17:38:31.164+0200 [ActiveMQ Session Task-2] INFO  it.cnr.isti.labsedc.concern.cep.DroolsComplexEventProcessorManager - ...CEP named InstanceOne insert event Wi-Fi-trace in the stream, sent from Wi-Fi-Probe
2021-08-26T17:38:31.165+0200 [ActiveMQ Session Task-2] INFO  it.cnr.isti.labsedc.concern.cep.DroolsComplexEventProcessorManager - ...CEP named InstanceOne insert event Wi-Fi-trace in the stream, sent from Wi-Fi-Probe
2021-08-26T17:39:05.938+0200 [ActiveMQ Session Task-3] INFO  it.cnr.isti.labsedc.concern.cep.DroolsComplexEventProcessorManager - ...CEP named InstanceOne insert event Wi-Fi-trace in the stream, sent from Wi-Fi-Probe
2021-08-26T17:39:05.942+0200 [ActiveMQ Session Task-3] INFO  it.cnr.isti.labsedc.concern.cep.DroolsComplexEventProcessorManager - ...CEP named InstanceOne insert event Wi-Fi-trace in the stream, sent from Wi-Fi-Probe
2021-08-26T17:39:05.945+0200 [ActiveMQ Session Task-3] INFO  it.cnr.isti.labsedc.concern.cep.DroolsComplexEventProcessorManager - ...CEP named InstanceOne insert event Wi-Fi-trace in the stream, sent from Wi-Fi-Probe
2021-08-26T17:39:05.948+0200 [ActiveMQ Session Task-3] INFO  it.cnr.isti.labsedc.concern.cep.DroolsComplexEventProcessorManager - ...CEP named InstanceOne insert event Wi-Fi-trace in the stream, sent from Wi-Fi-Probe
2021-08-26T17:39:05.952+0200 [ActiveMQ Session Task-3] INFO  it.cnr.isti.labsedc.concern.cep.DroolsComplexEventProcessorManager - ...CEP named InstanceOne insert event Wi-Fi-trace in the stream, sent from Wi-Fi-Probe
2021-08-26T17:39:05.955+0200 [ActiveMQ Session Task-3] INFO  it.cnr.isti.labsedc.concern.cep.DroolsComplexEventProcessorManager - ...CEP named InstanceOne insert event Wi-Fi-trace in the stream, sent from Wi-Fi-Probe
2021-08-26T17:39:05.958+0200 [ActiveMQ Session Task-3] INFO  it.cnr.isti.labsedc.concern.cep.DroolsComplexEventProcessorManager - ...CEP named InstanceOne insert event Wi-Fi-trace in the stream, sent from Wi-Fi-Probe
2021-08-26T17:39:05.960+0200 [ActiveMQ Session Task-3] INFO  it.cnr.isti.labsedc.concern.cep.DroolsComplexEventProcessorManager - ...CEP named InstanceOne insert event Wi-Fi-trace in the stream, sent from Wi-Fi-Probe
2021-08-26T17:39:05.962+0200 [ActiveMQ Session Task-3] INFO  it.cnr.isti.labsedc.concern.cep.DroolsComplexEventProcessorManager - ...CEP named InstanceOne insert event Wi-Fi-trace in the stream, sent from Wi-Fi-Probe
2021-08-26T17:39:05.964+0200 [ActiveMQ Session Task-3] INFO  it.cnr.isti.labsedc.concern.cep.DroolsComplexEventProcessorManager - ...CEP named InstanceOne insert event Wi-Fi-trace in the stream, sent from Wi-Fi-Probe
2021-08-26T17:39:05.965+0200 [ActiveMQ Session Task-3] INFO  it.cnr.isti.labsedc.concern.cep.DroolsComplexEventProcessorManager - ...CEP named InstanceOne insert event Wi-Fi-trace in the stream, sent from Wi-Fi-Probe
2021-08-26T17:39:05.966+0200 [ActiveMQ Session Task-3] INFO  it.cnr.isti.labsedc.concern.cep.DroolsComplexEventProcessorManager - ...CEP named InstanceOne insert event Wi-Fi-trace in the stream, sent from Wi-Fi-Probe
2021-08-26T17:39:05.968+0200 [ActiveMQ Session Task-3] INFO  it.cnr.isti.labsedc.concern.cep.DroolsComplexEventProcessorManager - ...CEP named InstanceOne insert event Wi-Fi-trace in the stream, sent from Wi-Fi-Probe
2021-08-26T17:39:05.969+0200 [ActiveMQ Session Task-3] INFO  it.cnr.isti.labsedc.concern.cep.DroolsComplexEventProcessorManager - ...CEP named InstanceOne insert event Wi-Fi-trace in the stream, sent from Wi-Fi-Probe
2021-08-26T17:39:05.971+0200 [ActiveMQ Session Task-3] INFO  it.cnr.isti.labsedc.concern.cep.DroolsComplexEventProcessorManager - ...CEP named InstanceOne insert event Wi-Fi-trace in the stream, sent from Wi-Fi-Probe
2021-08-26T17:39:05.972+0200 [ActiveMQ Session Task-3] INFO  it.cnr.isti.labsedc.concern.cep.DroolsComplexEventProcessorManager - ...CEP named InstanceOne insert event Wi-Fi-trace in the stream, sent from Wi-Fi-Probe
2021-08-26T17:39:05.973+0200 [ActiveMQ Session Task-3] INFO  it.cnr.isti.labsedc.concern.cep.DroolsComplexEventProcessorManager - ...CEP named InstanceOne insert event Wi-Fi-trace in the stream, sent from Wi-Fi-Probe
2021-08-26T17:39:05.974+0200 [ActiveMQ Session Task-3] INFO  it.cnr.isti.labsedc.concern.cep.DroolsComplexEventProcessorManager - ...CEP named InstanceOne insert event Wi-Fi-trace in the stream, sent from Wi-Fi-Probe
2021-08-26T17:39:05.974+0200 [ActiveMQ Session Task-3] INFO  it.cnr.isti.labsedc.concern.cep.DroolsComplexEventProcessorManager - ...CEP named InstanceOne insert event Wi-Fi-trace in the stream, sent from Wi-Fi-Probe
2021-08-26T17:39:05.975+0200 [ActiveMQ Session Task-3] INFO  it.cnr.isti.labsedc.concern.cep.DroolsComplexEventProcessorManager - ...CEP named InstanceOne insert event Wi-Fi-trace in the stream, sent from Wi-Fi-Probe
2021-08-26T17:39:05.976+0200 [ActiveMQ Session Task-3] INFO  it.cnr.isti.labsedc.concern.cep.DroolsComplexEventProcessorManager - ...CEP named InstanceOne insert event Wi-Fi-trace in the stream, sent from Wi-Fi-Probe
2021-08-26T17:39:15.956+0200 [main] INFO  it.cnr.isti.labsedc.concern.broker.ActiveMQBrokerManager - Start SSL Broker
2021-08-26T17:39:15.965+0200 [main] DEBUG it.cnr.isti.labsedc.concern.broker.ActiveMQBrokerManager - Creating TrasportConnector
2021-08-26T17:39:16.144+0200 [main] DEBUG it.cnr.isti.labsedc.concern.broker.ActiveMQBrokerManager - Waiting for broker start
2021-08-26T17:39:16.144+0200 [main] DEBUG it.cnr.isti.labsedc.concern.broker.ActiveMQBrokerManager - broker started
2021-08-26T17:39:16.145+0200 [main] DEBUG it.cnr.isti.labsedc.concern.broker.ActiveMQBrokerManager - Enabling SSL ConnectionFactory
2021-08-26T17:39:16.166+0200 [main] DEBUG it.cnr.isti.labsedc.concern.broker.ActiveMQBrokerManager - Connection sucessfully created
2021-08-26T17:39:16.167+0200 [main] DEBUG it.cnr.isti.labsedc.concern.broker.ActiveMQBrokerManager - Component ActiveMQBrokerManager loaded in registry.
2021-08-26T17:39:16.168+0200 [main] INFO  it.cnr.isti.labsedc.concern.storage.MySQLStorageController - Setting up storage with default parameters
2021-08-26T17:39:16.409+0200 [main] INFO  it.cnr.isti.labsedc.concern.storage.MySQLStorageController - Connected successfully to concern on localhost
2021-08-26T17:39:16.533+0200 [main] INFO  it.cnr.isti.labsedc.concern.cep.DroolsComplexEventProcessorManager - CEP creation 
2021-08-26T17:39:16.549+0200 [Thread-4] INFO  it.cnr.isti.labsedc.concern.cep.DroolsComplexEventProcessorManager - ...CEP named InstanceOne creates a listening channel called: DROOLS-InstanceOne
2021-08-26T17:39:16.728+0200 [Thread-4] INFO  it.cnr.isti.labsedc.concern.cep.DroolsComplexEventProcessorManager - ...CEP named InstanceOne created Session and fires rules /home/acalabro/workspace/Concern/src/main/resources/startupRule.drl with knowledgePackages: [[Package name=it.cnr.isti.labsedc.concern.event]]
2021-08-26T17:41:15.185+0200 [ActiveMQ Session Task-1] INFO  it.cnr.isti.labsedc.concern.cep.DroolsComplexEventProcessorManager - ...CEP named InstanceOne insert event Wi-Fi-trace in the stream, sent from Wi-Fi-Probe
2021-08-26T17:41:15.186+0200 [ActiveMQ Session Task-1] INFO  it.cnr.isti.labsedc.concern.cep.DroolsComplexEventProcessorManager - ...CEP named InstanceOne insert event Wi-Fi-trace in the stream, sent from Wi-Fi-Probe
2021-08-26T17:41:15.187+0200 [ActiveMQ Session Task-1] INFO  it.cnr.isti.labsedc.concern.cep.DroolsComplexEventProcessorManager - ...CEP named InstanceOne insert event Wi-Fi-trace in the stream, sent from Wi-Fi-Probe
2021-08-26T17:41:15.188+0200 [ActiveMQ Session Task-1] INFO  it.cnr.isti.labsedc.concern.cep.DroolsComplexEventProcessorManager - ...CEP named InstanceOne insert event Wi-Fi-trace in the stream, sent from Wi-Fi-Probe
2021-08-26T17:41:15.190+0200 [ActiveMQ Session Task-1] INFO  it.cnr.isti.labsedc.concern.cep.DroolsComplexEventProcessorManager - ...CEP named InstanceOne insert event Wi-Fi-trace in the stream, sent from Wi-Fi-Probe
2021-08-26T17:41:15.190+0200 [ActiveMQ Session Task-1] INFO  it.cnr.isti.labsedc.concern.cep.DroolsComplexEventProcessorManager - ...CEP named InstanceOne insert event Wi-Fi-trace in the stream, sent from Wi-Fi-Probe
2021-08-26T17:41:15.191+0200 [ActiveMQ Session Task-1] INFO  it.cnr.isti.labsedc.concern.cep.DroolsComplexEventProcessorManager - ...CEP named InstanceOne insert event Wi-Fi-trace in the stream, sent from Wi-Fi-Probe
2021-08-26T17:41:15.192+0200 [ActiveMQ Session Task-1] INFO  it.cnr.isti.labsedc.concern.cep.DroolsComplexEventProcessorManager - ...CEP named InstanceOne insert event Wi-Fi-trace in the stream, sent from Wi-Fi-Probe
2021-08-26T17:41:15.193+0200 [ActiveMQ Session Task-1] INFO  it.cnr.isti.labsedc.concern.cep.DroolsComplexEventProcessorManager - ...CEP named InstanceOne insert event Wi-Fi-trace in the stream, sent from Wi-Fi-Probe
2021-08-26T17:41:15.194+0200 [ActiveMQ Session Task-1] INFO  it.cnr.isti.labsedc.concern.cep.DroolsComplexEventProcessorManager - ...CEP named InstanceOne insert event Wi-Fi-trace in the stream, sent from Wi-Fi-Probe
2021-08-26T17:41:15.194+0200 [ActiveMQ Session Task-1] INFO  it.cnr.isti.labsedc.concern.cep.DroolsComplexEventProcessorManager - ...CEP named InstanceOne insert event Wi-Fi-trace in the stream, sent from Wi-Fi-Probe
2021-08-26T17:41:15.195+0200 [ActiveMQ Session Task-1] INFO  it.cnr.isti.labsedc.concern.cep.DroolsComplexEventProcessorManager - ...CEP named InstanceOne insert event Wi-Fi-trace in the stream, sent from Wi-Fi-Probe
2021-08-26T17:41:15.196+0200 [ActiveMQ Session Task-1] INFO  it.cnr.isti.labsedc.concern.cep.DroolsComplexEventProcessorManager - ...CEP named InstanceOne insert event Wi-Fi-trace in the stream, sent from Wi-Fi-Probe
2021-08-26T17:41:15.197+0200 [ActiveMQ Session Task-1] INFO  it.cnr.isti.labsedc.concern.cep.DroolsComplexEventProcessorManager - ...CEP named InstanceOne insert event Wi-Fi-trace in the stream, sent from Wi-Fi-Probe
2021-08-26T17:41:15.197+0200 [ActiveMQ Session Task-1] INFO  it.cnr.isti.labsedc.concern.cep.DroolsComplexEventProcessorManager - ...CEP named InstanceOne insert event Wi-Fi-trace in the stream, sent from Wi-Fi-Probe
2021-08-26T17:41:15.198+0200 [ActiveMQ Session Task-1] INFO  it.cnr.isti.labsedc.concern.cep.DroolsComplexEventProcessorManager - ...CEP named InstanceOne insert event Wi-Fi-trace in the stream, sent from Wi-Fi-Probe
2021-08-26T17:41:15.199+0200 [ActiveMQ Session Task-1] INFO  it.cnr.isti.labsedc.concern.cep.DroolsComplexEventProcessorManager - ...CEP named InstanceOne insert event Wi-Fi-trace in the stream, sent from Wi-Fi-Probe
2021-08-26T17:41:15.200+0200 [ActiveMQ Session Task-1] INFO  it.cnr.isti.labsedc.concern.cep.DroolsComplexEventProcessorManager - ...CEP named InstanceOne insert event Wi-Fi-trace in the stream, sent from Wi-Fi-Probe
2021-08-26T17:41:15.201+0200 [ActiveMQ Session Task-1] INFO  it.cnr.isti.labsedc.concern.cep.DroolsComplexEventProcessorManager - ...CEP named InstanceOne insert event Wi-Fi-trace in the stream, sent from Wi-Fi-Probe
2021-08-26T17:41:15.201+0200 [ActiveMQ Session Task-1] INFO  it.cnr.isti.labsedc.concern.cep.DroolsComplexEventProcessorManager - ...CEP named InstanceOne insert event Wi-Fi-trace in the stream, sent from Wi-Fi-Probe
2021-08-26T17:41:15.202+0200 [ActiveMQ Session Task-1] INFO  it.cnr.isti.labsedc.concern.cep.DroolsComplexEventProcessorManager - ...CEP named InstanceOne insert event Wi-Fi-trace in the stream, sent from Wi-Fi-Probe
2021-08-26T17:41:15.203+0200 [ActiveMQ Session Task-1] INFO  it.cnr.isti.labsedc.concern.cep.DroolsComplexEventProcessorManager - ...CEP named InstanceOne insert event Wi-Fi-trace in the stream, sent from Wi-Fi-Probe
2021-08-26T17:41:15.203+0200 [ActiveMQ Session Task-1] INFO  it.cnr.isti.labsedc.concern.cep.DroolsComplexEventProcessorManager - ...CEP named InstanceOne insert event Wi-Fi-trace in the stream, sent from Wi-Fi-Probe
2021-08-26T17:41:15.204+0200 [ActiveMQ Session Task-1] INFO  it.cnr.isti.labsedc.concern.cep.DroolsComplexEventProcessorManager - ...CEP named InstanceOne insert event Wi-Fi-trace in the stream, sent from Wi-Fi-Probe
2021-08-26T17:41:15.205+0200 [ActiveMQ Session Task-1] INFO  it.cnr.isti.labsedc.concern.cep.DroolsComplexEventProcessorManager - ...CEP named InstanceOne insert event Wi-Fi-trace in the stream, sent from Wi-Fi-Probe
2021-08-26T17:41:15.205+0200 [ActiveMQ Session Task-1] INFO  it.cnr.isti.labsedc.concern.cep.DroolsComplexEventProcessorManager - ...CEP named InstanceOne insert event Wi-Fi-trace in the stream, sent from Wi-Fi-Probe
2021-08-26T17:41:15.206+0200 [ActiveMQ Session Task-1] INFO  it.cnr.isti.labsedc.concern.cep.DroolsComplexEventProcessorManager - ...CEP named InstanceOne insert event Wi-Fi-trace in the stream, sent from Wi-Fi-Probe
2021-08-26T17:41:15.207+0200 [ActiveMQ Session Task-1] INFO  it.cnr.isti.labsedc.concern.cep.DroolsComplexEventProcessorManager - ...CEP named InstanceOne insert event Wi-Fi-trace in the stream, sent from Wi-Fi-Probe
2021-08-26T17:41:15.208+0200 [ActiveMQ Session Task-1] INFO  it.cnr.isti.labsedc.concern.cep.DroolsComplexEventProcessorManager - ...CEP named InstanceOne insert event Wi-Fi-trace in the stream, sent from Wi-Fi-Probe
2021-08-26T17:41:15.208+0200 [ActiveMQ Session Task-1] INFO  it.cnr.isti.labsedc.concern.cep.DroolsComplexEventProcessorManager - ...CEP named InstanceOne insert event Wi-Fi-trace in the stream, sent from Wi-Fi-Probe
2021-08-26T17:41:15.209+0200 [ActiveMQ Session Task-1] INFO  it.cnr.isti.labsedc.concern.cep.DroolsComplexEventProcessorManager - ...CEP named InstanceOne insert event Wi-Fi-trace in the stream, sent from Wi-Fi-Probe
2021-08-26T17:41:15.210+0200 [ActiveMQ Session Task-1] INFO  it.cnr.isti.labsedc.concern.cep.DroolsComplexEventProcessorManager - ...CEP named InstanceOne insert event Wi-Fi-trace in the stream, sent from Wi-Fi-Probe
2021-08-26T17:41:15.210+0200 [ActiveMQ Session Task-1] INFO  it.cnr.isti.labsedc.concern.cep.DroolsComplexEventProcessorManager - ...CEP named InstanceOne insert event Wi-Fi-trace in the stream, sent from Wi-Fi-Probe
2021-08-26T17:41:16.176+0200 [ActiveMQ Session Task-2] INFO  it.cnr.isti.labsedc.concern.cep.DroolsComplexEventProcessorManager - ...CEP named InstanceOne insert event Wi-Fi-trace in the stream, sent from Wi-Fi-Probe
2021-08-26T17:41:16.181+0200 [ActiveMQ Session Task-2] INFO  it.cnr.isti.labsedc.concern.cep.DroolsComplexEventProcessorManager - ...CEP named InstanceOne insert event Wi-Fi-trace in the stream, sent from Wi-Fi-Probe
2021-08-26T17:41:16.185+0200 [ActiveMQ Session Task-2] INFO  it.cnr.isti.labsedc.concern.cep.DroolsComplexEventProcessorManager - ...CEP named InstanceOne insert event Wi-Fi-trace in the stream, sent from Wi-Fi-Probe
2021-08-26T17:41:16.187+0200 [ActiveMQ Session Task-2] INFO  it.cnr.isti.labsedc.concern.cep.DroolsComplexEventProcessorManager - ...CEP named InstanceOne insert event Wi-Fi-trace in the stream, sent from Wi-Fi-Probe
2021-08-26T17:41:16.191+0200 [ActiveMQ Session Task-2] INFO  it.cnr.isti.labsedc.concern.cep.DroolsComplexEventProcessorManager - ...CEP named InstanceOne insert event Wi-Fi-trace in the stream, sent from Wi-Fi-Probe
2021-08-26T17:41:16.194+0200 [ActiveMQ Session Task-2] INFO  it.cnr.isti.labsedc.concern.cep.DroolsComplexEventProcessorManager - ...CEP named InstanceOne insert event Wi-Fi-trace in the stream, sent from Wi-Fi-Probe
2021-08-26T17:42:33.961+0200 [main] INFO  it.cnr.isti.labsedc.concern.broker.ActiveMQBrokerManager - Start SSL Broker
2021-08-26T17:42:33.969+0200 [main] DEBUG it.cnr.isti.labsedc.concern.broker.ActiveMQBrokerManager - Creating TrasportConnector
2021-08-26T17:42:34.182+0200 [main] DEBUG it.cnr.isti.labsedc.concern.broker.ActiveMQBrokerManager - Waiting for broker start
2021-08-26T17:42:34.183+0200 [main] DEBUG it.cnr.isti.labsedc.concern.broker.ActiveMQBrokerManager - broker started
2021-08-26T17:42:34.183+0200 [main] DEBUG it.cnr.isti.labsedc.concern.broker.ActiveMQBrokerManager - Enabling SSL ConnectionFactory
2021-08-26T17:42:34.210+0200 [main] DEBUG it.cnr.isti.labsedc.concern.broker.ActiveMQBrokerManager - Connection sucessfully created
2021-08-26T17:42:34.210+0200 [main] DEBUG it.cnr.isti.labsedc.concern.broker.ActiveMQBrokerManager - Component ActiveMQBrokerManager loaded in registry.
2021-08-26T17:42:34.211+0200 [main] INFO  it.cnr.isti.labsedc.concern.storage.MySQLStorageController - Setting up storage with default parameters
2021-08-26T17:42:34.453+0200 [main] INFO  it.cnr.isti.labsedc.concern.storage.MySQLStorageController - Connected successfully to concern on localhost
2021-08-26T17:42:34.576+0200 [main] INFO  it.cnr.isti.labsedc.concern.cep.DroolsComplexEventProcessorManager - CEP creation 
2021-08-26T17:42:34.591+0200 [Thread-4] INFO  it.cnr.isti.labsedc.concern.cep.DroolsComplexEventProcessorManager - ...CEP named InstanceOne creates a listening channel called: DROOLS-InstanceOne
2021-08-26T17:42:34.775+0200 [Thread-4] INFO  it.cnr.isti.labsedc.concern.cep.DroolsComplexEventProcessorManager - ...CEP named InstanceOne created Session and fires rules /home/acalabro/workspace/Concern/src/main/resources/startupRule.drl with knowledgePackages: [[Package name=it.cnr.isti.labsedc.concern.event]]
2021-08-26T17:43:16.184+0200 [ActiveMQ Session Task-1] INFO  it.cnr.isti.labsedc.concern.cep.DroolsComplexEventProcessorManager - ...CEP named InstanceOne insert event Wi-Fi-trace in the stream, sent from Wi-Fi-Probe
2021-08-26T17:43:16.185+0200 [ActiveMQ Session Task-1] INFO  it.cnr.isti.labsedc.concern.cep.DroolsComplexEventProcessorManager - ...CEP named InstanceOne insert event Wi-Fi-trace in the stream, sent from Wi-Fi-Probe
2021-08-26T17:43:16.186+0200 [ActiveMQ Session Task-1] INFO  it.cnr.isti.labsedc.concern.cep.DroolsComplexEventProcessorManager - ...CEP named InstanceOne insert event Wi-Fi-trace in the stream, sent from Wi-Fi-Probe
2021-08-26T17:43:16.187+0200 [ActiveMQ Session Task-1] INFO  it.cnr.isti.labsedc.concern.cep.DroolsComplexEventProcessorManager - ...CEP named InstanceOne insert event Wi-Fi-trace in the stream, sent from Wi-Fi-Probe
2021-08-26T17:43:16.187+0200 [ActiveMQ Session Task-1] INFO  it.cnr.isti.labsedc.concern.cep.DroolsComplexEventProcessorManager - ...CEP named InstanceOne insert event Wi-Fi-trace in the stream, sent from Wi-Fi-Probe
2021-08-26T17:43:16.188+0200 [ActiveMQ Session Task-1] INFO  it.cnr.isti.labsedc.concern.cep.DroolsComplexEventProcessorManager - ...CEP named InstanceOne insert event Wi-Fi-trace in the stream, sent from Wi-Fi-Probe
2021-08-26T17:43:16.188+0200 [ActiveMQ Session Task-1] INFO  it.cnr.isti.labsedc.concern.cep.DroolsComplexEventProcessorManager - ...CEP named InstanceOne insert event Wi-Fi-trace in the stream, sent from Wi-Fi-Probe
2021-08-26T17:43:16.189+0200 [ActiveMQ Session Task-1] INFO  it.cnr.isti.labsedc.concern.cep.DroolsComplexEventProcessorManager - ...CEP named InstanceOne insert event Wi-Fi-trace in the stream, sent from Wi-Fi-Probe
2021-08-26T17:43:16.190+0200 [ActiveMQ Session Task-1] INFO  it.cnr.isti.labsedc.concern.cep.DroolsComplexEventProcessorManager - ...CEP named InstanceOne insert event Wi-Fi-trace in the stream, sent from Wi-Fi-Probe
2021-08-26T17:43:16.190+0200 [ActiveMQ Session Task-1] INFO  it.cnr.isti.labsedc.concern.cep.DroolsComplexEventProcessorManager - ...CEP named InstanceOne insert event Wi-Fi-trace in the stream, sent from Wi-Fi-Probe
2021-08-26T17:43:16.191+0200 [ActiveMQ Session Task-1] INFO  it.cnr.isti.labsedc.concern.cep.DroolsComplexEventProcessorManager - ...CEP named InstanceOne insert event Wi-Fi-trace in the stream, sent from Wi-Fi-Probe
2021-08-26T17:43:16.191+0200 [ActiveMQ Session Task-1] INFO  it.cnr.isti.labsedc.concern.cep.DroolsComplexEventProcessorManager - ...CEP named InstanceOne insert event Wi-Fi-trace in the stream, sent from Wi-Fi-Probe
2021-08-26T17:43:16.192+0200 [ActiveMQ Session Task-1] INFO  it.cnr.isti.labsedc.concern.cep.DroolsComplexEventProcessorManager - ...CEP named InstanceOne insert event Wi-Fi-trace in the stream, sent from Wi-Fi-Probe
2021-08-26T17:43:16.192+0200 [ActiveMQ Session Task-1] INFO  it.cnr.isti.labsedc.concern.cep.DroolsComplexEventProcessorManager - ...CEP named InstanceOne insert event Wi-Fi-trace in the stream, sent from Wi-Fi-Probe
2021-08-26T17:43:16.193+0200 [ActiveMQ Session Task-1] INFO  it.cnr.isti.labsedc.concern.cep.DroolsComplexEventProcessorManager - ...CEP named InstanceOne insert event Wi-Fi-trace in the stream, sent from Wi-Fi-Probe
2021-08-26T17:43:16.194+0200 [ActiveMQ Session Task-1] INFO  it.cnr.isti.labsedc.concern.cep.DroolsComplexEventProcessorManager - ...CEP named InstanceOne insert event Wi-Fi-trace in the stream, sent from Wi-Fi-Probe
2021-08-26T17:43:16.194+0200 [ActiveMQ Session Task-1] INFO  it.cnr.isti.labsedc.concern.cep.DroolsComplexEventProcessorManager - ...CEP named InstanceOne insert event Wi-Fi-trace in the stream, sent from Wi-Fi-Probe
2021-08-26T17:43:16.195+0200 [ActiveMQ Session Task-1] INFO  it.cnr.isti.labsedc.concern.cep.DroolsComplexEventProcessorManager - ...CEP named InstanceOne insert event Wi-Fi-trace in the stream, sent from Wi-Fi-Probe
2021-08-26T17:43:16.195+0200 [ActiveMQ Session Task-1] INFO  it.cnr.isti.labsedc.concern.cep.DroolsComplexEventProcessorManager - ...CEP named InstanceOne insert event Wi-Fi-trace in the stream, sent from Wi-Fi-Probe
2021-08-26T17:43:16.196+0200 [ActiveMQ Session Task-1] INFO  it.cnr.isti.labsedc.concern.cep.DroolsComplexEventProcessorManager - ...CEP named InstanceOne insert event Wi-Fi-trace in the stream, sent from Wi-Fi-Probe
2021-08-26T17:43:16.196+0200 [ActiveMQ Session Task-1] INFO  it.cnr.isti.labsedc.concern.cep.DroolsComplexEventProcessorManager - ...CEP named InstanceOne insert event Wi-Fi-trace in the stream, sent from Wi-Fi-Probe
2021-08-26T17:43:16.197+0200 [ActiveMQ Session Task-1] INFO  it.cnr.isti.labsedc.concern.cep.DroolsComplexEventProcessorManager - ...CEP named InstanceOne insert event Wi-Fi-trace in the stream, sent from Wi-Fi-Probe
2021-08-26T17:43:16.197+0200 [ActiveMQ Session Task-1] INFO  it.cnr.isti.labsedc.concern.cep.DroolsComplexEventProcessorManager - ...CEP named InstanceOne insert event Wi-Fi-trace in the stream, sent from Wi-Fi-Probe
2021-08-26T17:43:16.198+0200 [ActiveMQ Session Task-1] INFO  it.cnr.isti.labsedc.concern.cep.DroolsComplexEventProcessorManager - ...CEP named InstanceOne insert event Wi-Fi-trace in the stream, sent from Wi-Fi-Probe
2021-08-26T17:43:17.169+0200 [ActiveMQ Session Task-2] INFO  it.cnr.isti.labsedc.concern.cep.DroolsComplexEventProcessorManager - ...CEP named InstanceOne insert event Wi-Fi-trace in the stream, sent from Wi-Fi-Probe
2021-08-26T17:43:17.171+0200 [ActiveMQ Session Task-2] INFO  it.cnr.isti.labsedc.concern.cep.DroolsComplexEventProcessorManager - ...CEP named InstanceOne insert event Wi-Fi-trace in the stream, sent from Wi-Fi-Probe
2021-08-26T17:43:17.173+0200 [ActiveMQ Session Task-2] INFO  it.cnr.isti.labsedc.concern.cep.DroolsComplexEventProcessorManager - ...CEP named InstanceOne insert event Wi-Fi-trace in the stream, sent from Wi-Fi-Probe
2021-08-26T17:43:17.174+0200 [ActiveMQ Session Task-2] INFO  it.cnr.isti.labsedc.concern.cep.DroolsComplexEventProcessorManager - ...CEP named InstanceOne insert event Wi-Fi-trace in the stream, sent from Wi-Fi-Probe
2021-08-26T17:43:17.175+0200 [ActiveMQ Session Task-2] INFO  it.cnr.isti.labsedc.concern.cep.DroolsComplexEventProcessorManager - ...CEP named InstanceOne insert event Wi-Fi-trace in the stream, sent from Wi-Fi-Probe
2021-08-26T17:44:01.201+0200 [ActiveMQ Session Task-3] INFO  it.cnr.isti.labsedc.concern.cep.DroolsComplexEventProcessorManager - ...CEP named InstanceOne insert event Wi-Fi-trace in the stream, sent from Wi-Fi-Probe
2021-08-26T17:44:01.205+0200 [ActiveMQ Session Task-3] INFO  it.cnr.isti.labsedc.concern.cep.DroolsComplexEventProcessorManager - ...CEP named InstanceOne insert event Wi-Fi-trace in the stream, sent from Wi-Fi-Probe
2021-08-26T17:44:01.209+0200 [ActiveMQ Session Task-3] INFO  it.cnr.isti.labsedc.concern.cep.DroolsComplexEventProcessorManager - ...CEP named InstanceOne insert event Wi-Fi-trace in the stream, sent from Wi-Fi-Probe
2021-08-26T17:44:01.212+0200 [ActiveMQ Session Task-3] INFO  it.cnr.isti.labsedc.concern.cep.DroolsComplexEventProcessorManager - ...CEP named InstanceOne insert event Wi-Fi-trace in the stream, sent from Wi-Fi-Probe
2021-08-26T17:44:01.215+0200 [ActiveMQ Session Task-3] INFO  it.cnr.isti.labsedc.concern.cep.DroolsComplexEventProcessorManager - ...CEP named InstanceOne insert event Wi-Fi-trace in the stream, sent from Wi-Fi-Probe
2021-08-26T17:44:01.218+0200 [ActiveMQ Session Task-3] INFO  it.cnr.isti.labsedc.concern.cep.DroolsComplexEventProcessorManager - ...CEP named InstanceOne insert event Wi-Fi-trace in the stream, sent from Wi-Fi-Probe
2021-08-26T17:44:01.221+0200 [ActiveMQ Session Task-3] INFO  it.cnr.isti.labsedc.concern.cep.DroolsComplexEventProcessorManager - ...CEP named InstanceOne insert event Wi-Fi-trace in the stream, sent from Wi-Fi-Probe
2021-08-26T17:44:01.225+0200 [ActiveMQ Session Task-3] INFO  it.cnr.isti.labsedc.concern.cep.DroolsComplexEventProcessorManager - ...CEP named InstanceOne insert event Wi-Fi-trace in the stream, sent from Wi-Fi-Probe
2021-08-26T17:44:01.228+0200 [ActiveMQ Session Task-3] INFO  it.cnr.isti.labsedc.concern.cep.DroolsComplexEventProcessorManager - ...CEP named InstanceOne insert event Wi-Fi-trace in the stream, sent from Wi-Fi-Probe
2021-08-26T17:44:01.231+0200 [ActiveMQ Session Task-3] INFO  it.cnr.isti.labsedc.concern.cep.DroolsComplexEventProcessorManager - ...CEP named InstanceOne insert event Wi-Fi-trace in the stream, sent from Wi-Fi-Probe
2021-08-26T17:44:01.232+0200 [ActiveMQ Session Task-3] INFO  it.cnr.isti.labsedc.concern.cep.DroolsComplexEventProcessorManager - ...CEP named InstanceOne insert event Wi-Fi-trace in the stream, sent from Wi-Fi-Probe
2021-08-26T17:44:01.234+0200 [ActiveMQ Session Task-3] INFO  it.cnr.isti.labsedc.concern.cep.DroolsComplexEventProcessorManager - ...CEP named InstanceOne insert event Wi-Fi-trace in the stream, sent from Wi-Fi-Probe
2021-08-26T17:44:01.235+0200 [ActiveMQ Session Task-3] INFO  it.cnr.isti.labsedc.concern.cep.DroolsComplexEventProcessorManager - ...CEP named InstanceOne insert event Wi-Fi-trace in the stream, sent from Wi-Fi-Probe
2021-08-30T09:07:44.380+0200 [main] INFO  it.cnr.isti.labsedc.concern.broker.ActiveMQBrokerManager - Start SSL Broker
2021-08-30T09:07:44.388+0200 [main] DEBUG it.cnr.isti.labsedc.concern.broker.ActiveMQBrokerManager - Creating TrasportConnector
2021-08-30T09:07:44.562+0200 [main] DEBUG it.cnr.isti.labsedc.concern.broker.ActiveMQBrokerManager - Waiting for broker start
2021-08-30T09:07:44.562+0200 [main] DEBUG it.cnr.isti.labsedc.concern.broker.ActiveMQBrokerManager - broker started
2021-08-30T09:07:44.563+0200 [main] DEBUG it.cnr.isti.labsedc.concern.broker.ActiveMQBrokerManager - Enabling SSL ConnectionFactory
2021-08-30T09:07:44.585+0200 [main] DEBUG it.cnr.isti.labsedc.concern.broker.ActiveMQBrokerManager - Connection sucessfully created
2021-08-30T09:07:44.586+0200 [main] DEBUG it.cnr.isti.labsedc.concern.broker.ActiveMQBrokerManager - Component ActiveMQBrokerManager loaded in registry.
2021-08-30T09:07:44.587+0200 [main] INFO  it.cnr.isti.labsedc.concern.storage.MySQLStorageController - Setting up storage with default parameters
2021-08-30T09:07:44.817+0200 [main] INFO  it.cnr.isti.labsedc.concern.storage.MySQLStorageController - Connected successfully to concern on localhost
2021-08-30T09:07:44.947+0200 [main] INFO  it.cnr.isti.labsedc.concern.cep.DroolsComplexEventProcessorManager - CEP creation 
2021-08-30T09:07:44.966+0200 [Thread-4] INFO  it.cnr.isti.labsedc.concern.cep.DroolsComplexEventProcessorManager - ...CEP named InstanceOne creates a listening channel called: DROOLS-InstanceOne
2021-08-30T09:07:45.211+0200 [Thread-4] INFO  it.cnr.isti.labsedc.concern.cep.DroolsComplexEventProcessorManager - ...CEP named InstanceOne created Session and fires rules /home/acalabro/workspace/Concern/src/main/resources/startupRule.drl with knowledgePackages: [[Package name=it.cnr.isti.labsedc.concern.event]]
2021-08-30T09:08:18.347+0200 [ActiveMQ Session Task-1] INFO  it.cnr.isti.labsedc.concern.cep.DroolsComplexEventProcessorManager - ...CEP named InstanceOne insert event evento1 in the stream, sent from it.cnr.isti.labsedc.concern.Probe
2021-08-30T09:08:19.352+0200 [ActiveMQ Session Task-1] INFO  it.cnr.isti.labsedc.concern.cep.DroolsComplexEventProcessorManager - ...CEP named InstanceOne insert event evento2 in the stream, sent from it.cnr.isti.labsedc.concern.Probe
